<?xml version="1.0" encoding="UTF-8"?>
<!-- Generated by org.testng.reporters.JUnitReportReporter -->
<testsuite skipped="0" hostname="DESKTOP-E79KHN3" name="TestNG_HomeWork9.HomeWork9.GmailTests" tests="4" failures="0" timestamp="02 фев 2019 08:47:39 GMT" time="497.742" errors="0">
  <testcase name="goToSigninLoginPage" time="0.998" classname="TestNG_HomeWork9.HomeWork9.GmailTests"/>
  <testcase name="findTheLetterByInvalidTitle" time="270.564" classname="TestNG_HomeWork9.HomeWork9.GmailTests"/>
  <testcase name="findTheLetterByTittleTrue" time="135.775" classname="TestNG_HomeWork9.HomeWork9.GmailTests"/>
  <testcase name="goToInboxPage" time="90.405" classname="TestNG_HomeWork9.HomeWork9.GmailTests"/>
</testsuite> <!-- TestNG_HomeWork9.HomeWork9.GmailTests -->
