<?xml version="1.0" encoding="UTF-8"?>
<!-- Generated by org.testng.reporters.JUnitReportReporter -->
<testsuite skipped="0" hostname="DESKTOP-E79KHN3" name="zoomapaHttpClientTest.ZoomapaHttpClientTest" tests="1" failures="0" timestamp="10 янв 2019 12:37:35 GMT" time="0.818" errors="0">
  <testcase name="zoomapaHttpClientTest" time="0.818" classname="zoomapaHttpClientTest.ZoomapaHttpClientTest"/>
</testsuite> <!-- zoomapaHttpClientTest.ZoomapaHttpClientTest -->
