<?xml version="1.0" encoding="UTF-8"?>
<!-- Generated by org.testng.reporters.JUnitReportReporter -->
<testsuite skipped="2" hostname="DESKTOP-E79KHN3" name="calculatorTests.CalculatorTests" tests="6" failures="0" timestamp="10 янв 2019 12:37:22 GMT" time="0.019" errors="0">
  <testcase name="mulPassTest" time="0.001" classname="calculatorTests.CalculatorTests"/>
  <testcase name="subSoftAssertTest" time="0.005" classname="calculatorTests.CalculatorTests"/>
  <testcase name="divPassTest" time="0.001" classname="calculatorTests.CalculatorTests"/>
  <testcase name="addPassTest" time="0.012" classname="calculatorTests.CalculatorTests"/>
  <testcase name="addFailTest" classname="calculatorTests.CalculatorTests">
    <skipped/>
  </testcase> <!-- addFailTest -->
  <testcase name="divFailTest" classname="calculatorTests.CalculatorTests">
    <skipped/>
  </testcase> <!-- divFailTest -->
</testsuite> <!-- calculatorTests.CalculatorTests -->
