<?xml version="1.0" encoding="UTF-8"?>
<!-- Generated by org.testng.reporters.JUnitReportReporter -->
<testsuite skipped="0" hostname="DESKTOP-E79KHN3" name="test1.TestTask1" tests="2" failures="0" timestamp="06 янв 2019 22:03:49 GMT" time="1.001" errors="0">
  <testcase name="zoomapaHttpClientTest" time="0.467" classname="test1.TestTask1"/>
  <testcase name="googleHttpClientTest" time="0.534" classname="test1.TestTask1"/>
</testsuite> <!-- test1.TestTask1 -->
