<?xml version="1.0" encoding="UTF-8"?>
<!-- Generated by org.testng.reporters.JUnitReportReporter -->
<testsuite skipped="0" hostname="DESKTOP-E79KHN3" name="test1.ZoomapaHttpClientTest" tests="1" failures="0" timestamp="06 янв 2019 22:16:27 GMT" time="7.858" errors="0">
  <testcase name="zoomapaHttpClientTest" time="7.858" classname="test1.ZoomapaHttpClientTest"/>
</testsuite> <!-- test1.ZoomapaHttpClientTest -->
